2016-05-07 00:24:00 Error: [MissingActionException] Action AppController::index() could not be found.
Exception Attributes: array (
  'controller' => 'AppController',
  'action' => 'index',
)
Request URL: /cakephp/app/
Stack Trace:
#0 /opt/lampp/htdocs/cakephp/lib/Cake/Routing/Dispatcher.php(193): Controller->invokeAction(Object(CakeRequest))
#1 /opt/lampp/htdocs/cakephp/lib/Cake/Routing/Dispatcher.php(167): Dispatcher->_invoke(Object(AppController), Object(CakeRequest))
#2 /opt/lampp/htdocs/cakephp/app/webroot/index.php(111): Dispatcher->dispatch(Object(CakeRequest), Object(CakeResponse))
#3 {main}
2016-05-07 00:24:00 Error: [MissingActionException] Action AppController::index() could not be found.
Exception Attributes: array (
  'controller' => 'AppController',
  'action' => 'index',
)
Request URL: /cakephp/app/
Stack Trace:
#0 /opt/lampp/htdocs/cakephp/lib/Cake/Routing/Dispatcher.php(193): Controller->invokeAction(Object(CakeRequest))
#1 /opt/lampp/htdocs/cakephp/lib/Cake/Routing/Dispatcher.php(167): Dispatcher->_invoke(Object(AppController), Object(CakeRequest))
#2 /opt/lampp/htdocs/cakephp/app/webroot/index.php(111): Dispatcher->dispatch(Object(CakeRequest), Object(CakeResponse))
#3 {main}
2016-05-07 01:11:46 Error: [MissingControllerException] Controller class PostsController could not be found.
Exception Attributes: array (
  'class' => 'PostsController',
  'plugin' => NULL,
)
Request URL: /cakephp/posts
Stack Trace:
#0 /opt/lampp/htdocs/cakephp/app/webroot/index.php(111): Dispatcher->dispatch(Object(CakeRequest), Object(CakeResponse))
#1 {main}
2016-05-07 01:12:50 Error: [MissingControllerException] Controller class PostsController could not be found.
Exception Attributes: array (
  'class' => 'PostsController',
  'plugin' => NULL,
)
Request URL: /cakephp/posts/index
Stack Trace:
#0 /opt/lampp/htdocs/cakephp/app/webroot/index.php(111): Dispatcher->dispatch(Object(CakeRequest), Object(CakeResponse))
#1 {main}
2016-05-07 01:12:52 Error: [MissingControllerException] Controller class PostsController could not be found.
Exception Attributes: array (
  'class' => 'PostsController',
  'plugin' => NULL,
)
Request URL: /cakephp/posts/index
Stack Trace:
#0 /opt/lampp/htdocs/cakephp/app/webroot/index.php(111): Dispatcher->dispatch(Object(CakeRequest), Object(CakeResponse))
#1 {main}
2016-05-07 01:13:37 Error: [MissingControllerException] Controller class PostsController could not be found.
Exception Attributes: array (
  'class' => 'PostsController',
  'plugin' => NULL,
)
Request URL: /cakephp/posts/index
Stack Trace:
#0 /opt/lampp/htdocs/cakephp/app/webroot/index.php(111): Dispatcher->dispatch(Object(CakeRequest), Object(CakeResponse))
#1 {main}
2016-05-07 01:13:41 Error: [MissingControllerException] Controller class PostController could not be found.
Exception Attributes: array (
  'class' => 'PostController',
  'plugin' => NULL,
)
Request URL: /cakephp/post/index
Stack Trace:
#0 /opt/lampp/htdocs/cakephp/app/webroot/index.php(111): Dispatcher->dispatch(Object(CakeRequest), Object(CakeResponse))
#1 {main}
2016-05-07 01:13:46 Error: [MissingControllerException] Controller class PostsController could not be found.
Exception Attributes: array (
  'class' => 'PostsController',
  'plugin' => NULL,
)
Request URL: /cakephp/posts
Stack Trace:
#0 /opt/lampp/htdocs/cakephp/app/webroot/index.php(111): Dispatcher->dispatch(Object(CakeRequest), Object(CakeResponse))
#1 {main}
2016-05-07 01:13:59 Error: Fatal Error (4): syntax error, unexpected end of file in [/opt/lampp/htdocs/cakephp/app/View/Posts/index.ctp, line 22]
2016-05-07 01:13:59 Error: [FatalErrorException] syntax error, unexpected end of file
Request URL: /cakephp/posts
Stack Trace:
#0 /opt/lampp/htdocs/cakephp/lib/Cake/Error/ErrorHandler.php(213): ErrorHandler::handleFatalError(4, 'syntax error, u...', '/opt/lampp/htdo...', 22)
#1 [internal function]: ErrorHandler::handleError(4, 'syntax error, u...', '/opt/lampp/htdo...', 22, Array)
#2 /opt/lampp/htdocs/cakephp/lib/Cake/Core/App.php(970): call_user_func('ErrorHandler::h...', 4, 'syntax error, u...', '/opt/lampp/htdo...', 22, Array)
#3 /opt/lampp/htdocs/cakephp/lib/Cake/Core/App.php(943): App::_checkFatalError()
#4 [internal function]: App::shutdown()
#5 {main}
2016-05-07 01:13:59 Error: Fatal Error (4): syntax error, unexpected end of file in [/opt/lampp/htdocs/cakephp/app/View/Posts/index.ctp, line 22]
2016-05-07 01:13:59 Error: [FatalErrorException] syntax error, unexpected end of file
Request URL: /cakephp/posts
Stack Trace:
#0 /opt/lampp/htdocs/cakephp/lib/Cake/Error/ErrorHandler.php(213): ErrorHandler::handleFatalError(4, 'syntax error, u...', '/opt/lampp/htdo...', 22)
#1 [internal function]: ErrorHandler::handleError(4, 'syntax error, u...', '/opt/lampp/htdo...', 22, Array)
#2 /opt/lampp/htdocs/cakephp/lib/Cake/Core/App.php(970): call_user_func('ErrorHandler::h...', 4, 'syntax error, u...', '/opt/lampp/htdo...', 22, Array)
#3 /opt/lampp/htdocs/cakephp/lib/Cake/Core/App.php(943): App::_checkFatalError()
#4 [internal function]: App::shutdown()
#5 {main}
2016-05-07 01:14:40 Error: Fatal Error (4): syntax error, unexpected end of file in [/opt/lampp/htdocs/cakephp/app/View/Posts/index.ctp, line 22]
2016-05-07 01:14:40 Error: [FatalErrorException] syntax error, unexpected end of file
Request URL: /cakephp/posts
Stack Trace:
#0 /opt/lampp/htdocs/cakephp/lib/Cake/Error/ErrorHandler.php(213): ErrorHandler::handleFatalError(4, 'syntax error, u...', '/opt/lampp/htdo...', 22)
#1 [internal function]: ErrorHandler::handleError(4, 'syntax error, u...', '/opt/lampp/htdo...', 22, Array)
#2 /opt/lampp/htdocs/cakephp/lib/Cake/Core/App.php(970): call_user_func('ErrorHandler::h...', 4, 'syntax error, u...', '/opt/lampp/htdo...', 22, Array)
#3 /opt/lampp/htdocs/cakephp/lib/Cake/Core/App.php(943): App::_checkFatalError()
#4 [internal function]: App::shutdown()
#5 {main}
2016-05-07 01:14:42 Error: Fatal Error (4): syntax error, unexpected end of file in [/opt/lampp/htdocs/cakephp/app/View/Posts/index.ctp, line 22]
2016-05-07 01:14:42 Error: [FatalErrorException] syntax error, unexpected end of file
Request URL: /cakephp/posts
Stack Trace:
#0 /opt/lampp/htdocs/cakephp/lib/Cake/Error/ErrorHandler.php(213): ErrorHandler::handleFatalError(4, 'syntax error, u...', '/opt/lampp/htdo...', 22)
#1 [internal function]: ErrorHandler::handleError(4, 'syntax error, u...', '/opt/lampp/htdo...', 22, Array)
#2 /opt/lampp/htdocs/cakephp/lib/Cake/Core/App.php(970): call_user_func('ErrorHandler::h...', 4, 'syntax error, u...', '/opt/lampp/htdo...', 22, Array)
#3 /opt/lampp/htdocs/cakephp/lib/Cake/Core/App.php(943): App::_checkFatalError()
#4 [internal function]: App::shutdown()
#5 {main}
2016-05-07 01:14:42 Error: Fatal Error (4): syntax error, unexpected end of file in [/opt/lampp/htdocs/cakephp/app/View/Posts/index.ctp, line 22]
2016-05-07 01:14:42 Error: [FatalErrorException] syntax error, unexpected end of file
Request URL: /cakephp/posts
Stack Trace:
#0 /opt/lampp/htdocs/cakephp/lib/Cake/Error/ErrorHandler.php(213): ErrorHandler::handleFatalError(4, 'syntax error, u...', '/opt/lampp/htdo...', 22)
#1 [internal function]: ErrorHandler::handleError(4, 'syntax error, u...', '/opt/lampp/htdo...', 22, Array)
#2 /opt/lampp/htdocs/cakephp/lib/Cake/Core/App.php(970): call_user_func('ErrorHandler::h...', 4, 'syntax error, u...', '/opt/lampp/htdo...', 22, Array)
#3 /opt/lampp/htdocs/cakephp/lib/Cake/Core/App.php(943): App::_checkFatalError()
#4 [internal function]: App::shutdown()
#5 {main}
2016-05-07 01:16:09 Error: [MissingActionException] Action PostsController::view() could not be found.
Exception Attributes: array (
  'controller' => 'PostsController',
  'action' => 'view',
)
Request URL: /cakephp/posts/view/3
Stack Trace:
#0 /opt/lampp/htdocs/cakephp/lib/Cake/Routing/Dispatcher.php(193): Controller->invokeAction(Object(CakeRequest))
#1 /opt/lampp/htdocs/cakephp/lib/Cake/Routing/Dispatcher.php(167): Dispatcher->_invoke(Object(PostsController), Object(CakeRequest))
#2 /opt/lampp/htdocs/cakephp/app/webroot/index.php(111): Dispatcher->dispatch(Object(CakeRequest), Object(CakeResponse))
#3 {main}
2016-05-07 01:18:24 Error: [MissingViewException] View file "Posts/view.ctp" is missing.
Exception Attributes: array (
  'file' => 'Posts/view.ctp',
)
Request URL: /cakephp/posts/view/2
Stack Trace:
#0 /opt/lampp/htdocs/cakephp/lib/Cake/View/View.php(470): View->_getViewFileName(NULL)
#1 /opt/lampp/htdocs/cakephp/lib/Cake/Controller/Controller.php(963): View->render(NULL, NULL)
#2 /opt/lampp/htdocs/cakephp/lib/Cake/Routing/Dispatcher.php(200): Controller->render()
#3 /opt/lampp/htdocs/cakephp/lib/Cake/Routing/Dispatcher.php(167): Dispatcher->_invoke(Object(PostsController), Object(CakeRequest))
#4 /opt/lampp/htdocs/cakephp/app/webroot/index.php(111): Dispatcher->dispatch(Object(CakeRequest), Object(CakeResponse))
#5 {main}
2016-05-07 01:19:03 Error: [MissingViewException] View file "Posts/view.ctp" is missing.
Exception Attributes: array (
  'file' => 'Posts/view.ctp',
)
Request URL: /cakephp/posts/view/2
Stack Trace:
#0 /opt/lampp/htdocs/cakephp/lib/Cake/View/View.php(470): View->_getViewFileName(NULL)
#1 /opt/lampp/htdocs/cakephp/lib/Cake/Controller/Controller.php(963): View->render(NULL, NULL)
#2 /opt/lampp/htdocs/cakephp/lib/Cake/Routing/Dispatcher.php(200): Controller->render()
#3 /opt/lampp/htdocs/cakephp/lib/Cake/Routing/Dispatcher.php(167): Dispatcher->_invoke(Object(PostsController), Object(CakeRequest))
#4 /opt/lampp/htdocs/cakephp/app/webroot/index.php(111): Dispatcher->dispatch(Object(CakeRequest), Object(CakeResponse))
#5 {main}
2016-05-07 01:19:04 Error: [MissingViewException] View file "Posts/view.ctp" is missing.
Exception Attributes: array (
  'file' => 'Posts/view.ctp',
)
Request URL: /cakephp/posts/view/2
Stack Trace:
#0 /opt/lampp/htdocs/cakephp/lib/Cake/View/View.php(470): View->_getViewFileName(NULL)
#1 /opt/lampp/htdocs/cakephp/lib/Cake/Controller/Controller.php(963): View->render(NULL, NULL)
#2 /opt/lampp/htdocs/cakephp/lib/Cake/Routing/Dispatcher.php(200): Controller->render()
#3 /opt/lampp/htdocs/cakephp/lib/Cake/Routing/Dispatcher.php(167): Dispatcher->_invoke(Object(PostsController), Object(CakeRequest))
#4 /opt/lampp/htdocs/cakephp/app/webroot/index.php(111): Dispatcher->dispatch(Object(CakeRequest), Object(CakeResponse))
#5 {main}
2016-05-07 01:19:04 Error: [MissingViewException] View file "Posts/view.ctp" is missing.
Exception Attributes: array (
  'file' => 'Posts/view.ctp',
)
Request URL: /cakephp/posts/view/2
Stack Trace:
#0 /opt/lampp/htdocs/cakephp/lib/Cake/View/View.php(470): View->_getViewFileName(NULL)
#1 /opt/lampp/htdocs/cakephp/lib/Cake/Controller/Controller.php(963): View->render(NULL, NULL)
#2 /opt/lampp/htdocs/cakephp/lib/Cake/Routing/Dispatcher.php(200): Controller->render()
#3 /opt/lampp/htdocs/cakephp/lib/Cake/Routing/Dispatcher.php(167): Dispatcher->_invoke(Object(PostsController), Object(CakeRequest))
#4 /opt/lampp/htdocs/cakephp/app/webroot/index.php(111): Dispatcher->dispatch(Object(CakeRequest), Object(CakeResponse))
#5 {main}
2016-05-07 01:19:08 Error: [MissingViewException] View file "Posts/view.ctp" is missing.
Exception Attributes: array (
  'file' => 'Posts/view.ctp',
)
Request URL: /cakephp/posts/view/2
Stack Trace:
#0 /opt/lampp/htdocs/cakephp/lib/Cake/View/View.php(470): View->_getViewFileName(NULL)
#1 /opt/lampp/htdocs/cakephp/lib/Cake/Controller/Controller.php(963): View->render(NULL, NULL)
#2 /opt/lampp/htdocs/cakephp/lib/Cake/Routing/Dispatcher.php(200): Controller->render()
#3 /opt/lampp/htdocs/cakephp/lib/Cake/Routing/Dispatcher.php(167): Dispatcher->_invoke(Object(PostsController), Object(CakeRequest))
#4 /opt/lampp/htdocs/cakephp/app/webroot/index.php(111): Dispatcher->dispatch(Object(CakeRequest), Object(CakeResponse))
#5 {main}
2016-05-07 05:52:58 Error: [MissingActionException] Action PostsController::delete() could not be found.
Exception Attributes: array (
  'controller' => 'PostsController',
  'action' => 'delete',
)
Request URL: /cakephp/posts/delete/4
Stack Trace:
#0 /opt/lampp/htdocs/cakephp/lib/Cake/Routing/Dispatcher.php(193): Controller->invokeAction(Object(CakeRequest))
#1 /opt/lampp/htdocs/cakephp/lib/Cake/Routing/Dispatcher.php(167): Dispatcher->_invoke(Object(PostsController), Object(CakeRequest))
#2 /opt/lampp/htdocs/cakephp/app/webroot/index.php(111): Dispatcher->dispatch(Object(CakeRequest), Object(CakeResponse))
#3 {main}
2016-05-07 05:55:37 Error: Fatal Error (4): syntax error, unexpected '->' (T_OBJECT_OPERATOR) in [/opt/lampp/htdocs/cakephp/app/Controller/PostsController.php, line 37]
2016-05-07 05:55:37 Error: [FatalErrorException] syntax error, unexpected '->' (T_OBJECT_OPERATOR)
Request URL: /cakephp/posts
Stack Trace:
#0 /opt/lampp/htdocs/cakephp/lib/Cake/Error/ErrorHandler.php(213): ErrorHandler::handleFatalError(4, 'syntax error, u...', '/opt/lampp/htdo...', 37)
#1 [internal function]: ErrorHandler::handleError(4, 'syntax error, u...', '/opt/lampp/htdo...', 37, Array)
#2 /opt/lampp/htdocs/cakephp/lib/Cake/Core/App.php(970): call_user_func('ErrorHandler::h...', 4, 'syntax error, u...', '/opt/lampp/htdo...', 37, Array)
#3 /opt/lampp/htdocs/cakephp/lib/Cake/Core/App.php(943): App::_checkFatalError()
#4 [internal function]: App::shutdown()
#5 {main}
2016-05-07 05:56:11 Error: Fatal Error (4): syntax error, unexpected '->' (T_OBJECT_OPERATOR) in [/opt/lampp/htdocs/cakephp/app/Controller/PostsController.php, line 37]
2016-05-07 05:56:11 Error: [FatalErrorException] syntax error, unexpected '->' (T_OBJECT_OPERATOR)
Request URL: /cakephp/posts
Stack Trace:
#0 /opt/lampp/htdocs/cakephp/lib/Cake/Error/ErrorHandler.php(213): ErrorHandler::handleFatalError(4, 'syntax error, u...', '/opt/lampp/htdo...', 37)
#1 [internal function]: ErrorHandler::handleError(4, 'syntax error, u...', '/opt/lampp/htdo...', 37, Array)
#2 /opt/lampp/htdocs/cakephp/lib/Cake/Core/App.php(970): call_user_func('ErrorHandler::h...', 4, 'syntax error, u...', '/opt/lampp/htdo...', 37, Array)
#3 /opt/lampp/htdocs/cakephp/lib/Cake/Core/App.php(943): App::_checkFatalError()
#4 [internal function]: App::shutdown()
#5 {main}
2016-05-07 05:56:12 Error: Fatal Error (4): syntax error, unexpected '->' (T_OBJECT_OPERATOR) in [/opt/lampp/htdocs/cakephp/app/Controller/PostsController.php, line 37]
2016-05-07 05:56:12 Error: [FatalErrorException] syntax error, unexpected '->' (T_OBJECT_OPERATOR)
Request URL: /cakephp/posts
Stack Trace:
#0 /opt/lampp/htdocs/cakephp/lib/Cake/Error/ErrorHandler.php(213): ErrorHandler::handleFatalError(4, 'syntax error, u...', '/opt/lampp/htdo...', 37)
#1 [internal function]: ErrorHandler::handleError(4, 'syntax error, u...', '/opt/lampp/htdo...', 37, Array)
#2 /opt/lampp/htdocs/cakephp/lib/Cake/Core/App.php(970): call_user_func('ErrorHandler::h...', 4, 'syntax error, u...', '/opt/lampp/htdo...', 37, Array)
#3 /opt/lampp/htdocs/cakephp/lib/Cake/Core/App.php(943): App::_checkFatalError()
#4 [internal function]: App::shutdown()
#5 {main}
2016-05-07 05:56:12 Error: Fatal Error (4): syntax error, unexpected '->' (T_OBJECT_OPERATOR) in [/opt/lampp/htdocs/cakephp/app/Controller/PostsController.php, line 37]
2016-05-07 05:56:12 Error: [FatalErrorException] syntax error, unexpected '->' (T_OBJECT_OPERATOR)
Request URL: /cakephp/posts
Stack Trace:
#0 /opt/lampp/htdocs/cakephp/lib/Cake/Error/ErrorHandler.php(213): ErrorHandler::handleFatalError(4, 'syntax error, u...', '/opt/lampp/htdo...', 37)
#1 [internal function]: ErrorHandler::handleError(4, 'syntax error, u...', '/opt/lampp/htdo...', 37, Array)
#2 /opt/lampp/htdocs/cakephp/lib/Cake/Core/App.php(970): call_user_func('ErrorHandler::h...', 4, 'syntax error, u...', '/opt/lampp/htdo...', 37, Array)
#3 /opt/lampp/htdocs/cakephp/lib/Cake/Core/App.php(943): App::_checkFatalError()
#4 [internal function]: App::shutdown()
#5 {main}
2016-05-07 05:56:22 Error: Fatal Error (4): syntax error, unexpected ')' in [/opt/lampp/htdocs/cakephp/app/Controller/PostsController.php, line 41]
2016-05-07 05:56:22 Error: [FatalErrorException] syntax error, unexpected ')'
Request URL: /cakephp/posts
Stack Trace:
#0 /opt/lampp/htdocs/cakephp/lib/Cake/Error/ErrorHandler.php(213): ErrorHandler::handleFatalError(4, 'syntax error, u...', '/opt/lampp/htdo...', 41)
#1 [internal function]: ErrorHandler::handleError(4, 'syntax error, u...', '/opt/lampp/htdo...', 41, Array)
#2 /opt/lampp/htdocs/cakephp/lib/Cake/Core/App.php(970): call_user_func('ErrorHandler::h...', 4, 'syntax error, u...', '/opt/lampp/htdo...', 41, Array)
#3 /opt/lampp/htdocs/cakephp/lib/Cake/Core/App.php(943): App::_checkFatalError()
#4 [internal function]: App::shutdown()
#5 {main}
2016-05-07 05:56:34 Error: Fatal Error (4): syntax error, unexpected ')' in [/opt/lampp/htdocs/cakephp/app/Controller/PostsController.php, line 41]
2016-05-07 05:56:34 Error: [FatalErrorException] syntax error, unexpected ')'
Request URL: /cakephp/posts
Stack Trace:
#0 /opt/lampp/htdocs/cakephp/lib/Cake/Error/ErrorHandler.php(213): ErrorHandler::handleFatalError(4, 'syntax error, u...', '/opt/lampp/htdo...', 41)
#1 [internal function]: ErrorHandler::handleError(4, 'syntax error, u...', '/opt/lampp/htdo...', 41, Array)
#2 /opt/lampp/htdocs/cakephp/lib/Cake/Core/App.php(970): call_user_func('ErrorHandler::h...', 4, 'syntax error, u...', '/opt/lampp/htdo...', 41, Array)
#3 /opt/lampp/htdocs/cakephp/lib/Cake/Core/App.php(943): App::_checkFatalError()
#4 [internal function]: App::shutdown()
#5 {main}
2016-05-07 05:56:43 Error: Fatal Error (4): syntax error, unexpected ')' in [/opt/lampp/htdocs/cakephp/app/Controller/PostsController.php, line 41]
2016-05-07 05:56:43 Error: [FatalErrorException] syntax error, unexpected ')'
Request URL: /cakephp/posts
Stack Trace:
#0 /opt/lampp/htdocs/cakephp/lib/Cake/Error/ErrorHandler.php(213): ErrorHandler::handleFatalError(4, 'syntax error, u...', '/opt/lampp/htdo...', 41)
#1 [internal function]: ErrorHandler::handleError(4, 'syntax error, u...', '/opt/lampp/htdo...', 41, Array)
#2 /opt/lampp/htdocs/cakephp/lib/Cake/Core/App.php(970): call_user_func('ErrorHandler::h...', 4, 'syntax error, u...', '/opt/lampp/htdo...', 41, Array)
#3 /opt/lampp/htdocs/cakephp/lib/Cake/Core/App.php(943): App::_checkFatalError()
#4 [internal function]: App::shutdown()
#5 {main}
2016-05-07 05:56:43 Error: Fatal Error (4): syntax error, unexpected ')' in [/opt/lampp/htdocs/cakephp/app/Controller/PostsController.php, line 41]
2016-05-07 05:56:43 Error: [FatalErrorException] syntax error, unexpected ')'
Request URL: /cakephp/posts
Stack Trace:
#0 /opt/lampp/htdocs/cakephp/lib/Cake/Error/ErrorHandler.php(213): ErrorHandler::handleFatalError(4, 'syntax error, u...', '/opt/lampp/htdo...', 41)
#1 [internal function]: ErrorHandler::handleError(4, 'syntax error, u...', '/opt/lampp/htdo...', 41, Array)
#2 /opt/lampp/htdocs/cakephp/lib/Cake/Core/App.php(970): call_user_func('ErrorHandler::h...', 4, 'syntax error, u...', '/opt/lampp/htdo...', 41, Array)
#3 /opt/lampp/htdocs/cakephp/lib/Cake/Core/App.php(943): App::_checkFatalError()
#4 [internal function]: App::shutdown()
#5 {main}
2016-05-07 05:56:43 Error: Fatal Error (4): syntax error, unexpected ')' in [/opt/lampp/htdocs/cakephp/app/Controller/PostsController.php, line 41]
2016-05-07 05:56:43 Error: [FatalErrorException] syntax error, unexpected ')'
Request URL: /cakephp/posts
Stack Trace:
#0 /opt/lampp/htdocs/cakephp/lib/Cake/Error/ErrorHandler.php(213): ErrorHandler::handleFatalError(4, 'syntax error, u...', '/opt/lampp/htdo...', 41)
#1 [internal function]: ErrorHandler::handleError(4, 'syntax error, u...', '/opt/lampp/htdo...', 41, Array)
#2 /opt/lampp/htdocs/cakephp/lib/Cake/Core/App.php(970): call_user_func('ErrorHandler::h...', 4, 'syntax error, u...', '/opt/lampp/htdo...', 41, Array)
#3 /opt/lampp/htdocs/cakephp/lib/Cake/Core/App.php(943): App::_checkFatalError()
#4 [internal function]: App::shutdown()
#5 {main}
2016-05-07 05:56:44 Error: Fatal Error (4): syntax error, unexpected ')' in [/opt/lampp/htdocs/cakephp/app/Controller/PostsController.php, line 41]
2016-05-07 05:56:44 Error: [FatalErrorException] syntax error, unexpected ')'
Request URL: /cakephp/posts
Stack Trace:
#0 /opt/lampp/htdocs/cakephp/lib/Cake/Error/ErrorHandler.php(213): ErrorHandler::handleFatalError(4, 'syntax error, u...', '/opt/lampp/htdo...', 41)
#1 [internal function]: ErrorHandler::handleError(4, 'syntax error, u...', '/opt/lampp/htdo...', 41, Array)
#2 /opt/lampp/htdocs/cakephp/lib/Cake/Core/App.php(970): call_user_func('ErrorHandler::h...', 4, 'syntax error, u...', '/opt/lampp/htdo...', 41, Array)
#3 /opt/lampp/htdocs/cakephp/lib/Cake/Core/App.php(943): App::_checkFatalError()
#4 [internal function]: App::shutdown()
#5 {main}
2016-05-07 06:00:06 Error: [MethodNotAllowedException] Method Not Allowed
Request URL: /cakephp/posts/delete/7
Stack Trace:
#0 [internal function]: PostsController->delete('7')
#1 /opt/lampp/htdocs/cakephp/lib/Cake/Controller/Controller.php(491): ReflectionMethod->invokeArgs(Object(PostsController), Array)
#2 /opt/lampp/htdocs/cakephp/lib/Cake/Routing/Dispatcher.php(193): Controller->invokeAction(Object(CakeRequest))
#3 /opt/lampp/htdocs/cakephp/lib/Cake/Routing/Dispatcher.php(167): Dispatcher->_invoke(Object(PostsController), Object(CakeRequest))
#4 /opt/lampp/htdocs/cakephp/app/webroot/index.php(111): Dispatcher->dispatch(Object(CakeRequest), Object(CakeResponse))
#5 {main}
